# JRE version: Java(TM) SE Runtime Environment (17.0.5+9) (build 17.0.5+9-LTS-191)
# Java VM: Java HotSpot(TM) 64-Bit Server VM (17.0.5+9-LTS-191, mixed mode, emulated-client, sharing, tiered, compressed oops, compressed class ptrs, g1 gc, windows-amd64)
GC Precious Log:
 CPUs: 4 total, 4 available
 Memory: 6090M
 Large Page Support: Disabled
 NUMA Support: Disabled
 Compressed Oops: Enabled (32-bit)
 Heap Region Size: 1M
 Heap Min Capacity: 8M
 Heap Initial Capacity: 96M
 Heap Max Capacity: 1524M
 Pre-touch: Disabled
 Parallel Workers: 4
 Concurrent Workers: 1
 Concurrent Refinement Workers: 4
 Periodic GC: Disabled
Heap:
 garbage-first heap   total 79872K, used 42884K [0x00000000a0c00000, 0x0000000100000000)
  region size 1024K, 5 young (5120K), 4 survivors (4096K)
 Metaspace       used 69070K, committed 69696K, reserved 1114112K
  class space    used 10196K, committed 10496K, reserved 1048576K
GC Heap History (20 events):
Event: 5.892 GC heap before
{Heap before GC invocations=9 (full 0):
 garbage-first heap   total 55296K, used 40596K [0x00000000a0c00000, 0x0000000100000000)
  region size 1024K, 22 young (22528K), 2 survivors (2048K)
 Metaspace       used 35318K, committed 35776K, reserved 1081344K
  class space    used 5064K, committed 5248K, reserved 1048576K
}
Event: 5.900 GC heap after
{Heap after GC invocations=10 (full 0):
 garbage-first heap   total 66560K, used 21124K [0x00000000a0c00000, 0x0000000100000000)
  region size 1024K, 1 young (1024K), 1 survivors (1024K)
 Metaspace       used 35318K, committed 35776K, reserved 1081344K
  class space    used 5064K, committed 5248K, reserved 1048576K
}
Event: 5.933 GC heap before
{Heap before GC invocations=10 (full 0):
 garbage-first heap   total 66560K, used 22148K [0x00000000a0c00000, 0x0000000100000000)
  region size 1024K, 3 young (3072K), 1 survivors (1024K)
 Metaspace       used 35531K, committed 35968K, reserved 1081344K
  class space    used 5114K, committed 5312K, reserved 1048576K
}
Event: 5.938 GC heap after
{Heap after GC invocations=11 (full 0):
 garbage-first heap   total 66560K, used 21028K [0x00000000a0c00000, 0x0000000100000000)
  region size 1024K, 1 young (1024K), 1 survivors (1024K)
 Metaspace       used 35531K, committed 35968K, reserved 1081344K
  class space    used 5114K, committed 5312K, reserved 1048576K
}
Event: 6.894 GC heap before
{Heap before GC invocations=12 (full 0):
 garbage-first heap   total 66560K, used 51748K [0x00000000a0c00000, 0x0000000100000000)
  region size 1024K, 31 young (31744K), 1 survivors (1024K)
 Metaspace       used 42724K, committed 43136K, reserved 1089536K
  class space    used 6030K, committed 6208K, reserved 1048576K
}
Event: 6.901 GC heap after
{Heap after GC invocations=13 (full 0):
 garbage-first heap   total 66560K, used 22859K [0x00000000a0c00000, 0x0000000100000000)
  region size 1024K, 3 young (3072K), 3 survivors (3072K)
 Metaspace       used 42724K, committed 43136K, reserved 1089536K
  class space    used 6030K, committed 6208K, reserved 1048576K
}
Event: 7.796 GC heap before
{Heap before GC invocations=14 (full 0):
 garbage-first heap   total 66560K, used 51531K [0x00000000a0c00000, 0x0000000100000000)
  region size 1024K, 31 young (31744K), 3 survivors (3072K)
 Metaspace       used 48932K, committed 49408K, reserved 1097728K
  class space    used 7111K, committed 7360K, reserved 1048576K
}
Event: 7.806 GC heap after
{Heap after GC invocations=15 (full 0):
 garbage-first heap   total 66560K, used 23958K [0x00000000a0c00000, 0x0000000100000000)
  region size 1024K, 3 young (3072K), 3 survivors (3072K)
 Metaspace       used 48932K, committed 49408K, reserved 1097728K
  class space    used 7111K, committed 7360K, reserved 1048576K
}
Event: 8.565 GC heap before
{Heap before GC invocations=15 (full 0):
 garbage-first heap   total 66560K, used 52630K [0x00000000a0c00000, 0x0000000100000000)
  region size 1024K, 31 young (31744K), 3 survivors (3072K)
 Metaspace       used 53889K, committed 54400K, reserved 1097728K
  class space    used 7810K, committed 8064K, reserved 1048576K
}
Event: 8.576 GC heap after
{Heap after GC invocations=16 (full 0):
 garbage-first heap   total 66560K, used 25422K [0x00000000a0c00000, 0x0000000100000000)
  region size 1024K, 3 young (3072K), 3 survivors (3072K)
 Metaspace       used 53889K, committed 54400K, reserved 1097728K
  class space    used 7810K, committed 8064K, reserved 1048576K
}
Event: 9.258 GC heap before
{Heap before GC invocations=16 (full 0):
 garbage-first heap   total 66560K, used 53070K [0x00000000a0c00000, 0x0000000100000000)
  region size 1024K, 30 young (30720K), 3 survivors (3072K)
 Metaspace       used 58227K, committed 58688K, reserved 1105920K
  class space    used 8675K, committed 8896K, reserved 1048576K
}
Event: 9.279 GC heap after
{Heap after GC invocations=17 (full 0):
 garbage-first heap   total 66560K, used 27909K [0x00000000a0c00000, 0x0000000100000000)
  region size 1024K, 4 young (4096K), 4 survivors (4096K)
 Metaspace       used 58227K, committed 58688K, reserved 1105920K
  class space    used 8675K, committed 8896K, reserved 1048576K
}
Event: 9.860 GC heap before
{Heap before GC invocations=17 (full 0):
 garbage-first heap   total 66560K, used 52485K [0x00000000a0c00000, 0x0000000100000000)
  region size 1024K, 28 young (28672K), 4 survivors (4096K)
 Metaspace       used 60893K, committed 61504K, reserved 1105920K
  class space    used 9055K, committed 9344K, reserved 1048576K
}
Event: 9.872 GC heap after
{Heap after GC invocations=18 (full 0):
 garbage-first heap   total 79872K, used 29571K [0x00000000a0c00000, 0x0000000100000000)
  region size 1024K, 2 young (2048K), 2 survivors (2048K)
 Metaspace       used 60893K, committed 61504K, reserved 1105920K
  class space    used 9055K, committed 9344K, reserved 1048576K
}
Event: 10.740 GC heap before
{Heap before GC invocations=18 (full 0):
 garbage-first heap   total 79872K, used 63363K [0x00000000a0c00000, 0x0000000100000000)
  region size 1024K, 35 young (35840K), 2 survivors (2048K)
 Metaspace       used 63501K, committed 64000K, reserved 1105920K
  class space    used 9433K, committed 9664K, reserved 1048576K
}
Event: 10.760 GC heap after
{Heap after GC invocations=19 (full 0):
 garbage-first heap   total 79872K, used 31382K [0x00000000a0c00000, 0x0000000100000000)
  region size 1024K, 4 young (4096K), 4 survivors (4096K)
 Metaspace       used 63501K, committed 64000K, reserved 1105920K
  class space    used 9433K, committed 9664K, reserved 1048576K
}
Event: 22.619 GC heap before
{Heap before GC invocations=19 (full 0):
 garbage-first heap   total 79872K, used 64150K [0x00000000a0c00000, 0x0000000100000000)
  region size 1024K, 36 young (36864K), 4 survivors (4096K)
 Metaspace       used 66968K, committed 67648K, reserved 1114112K
  class space    used 9927K, committed 10240K, reserved 1048576K
}
Event: 22.630 GC heap after
{Heap after GC invocations=20 (full 0):
 garbage-first heap   total 79872K, used 35101K [0x00000000a0c00000, 0x0000000100000000)
  region size 1024K, 5 young (5120K), 5 survivors (5120K)
 Metaspace       used 66968K, committed 67648K, reserved 1114112K
  class space    used 9927K, committed 10240K, reserved 1048576K
}
Event: 74.985 GC heap before
{Heap before GC invocations=20 (full 0):
 garbage-first heap   total 79872K, used 56605K [0x00000000a0c00000, 0x0000000100000000)
  region size 1024K, 24 young (24576K), 5 survivors (5120K)
 Metaspace       used 69069K, committed 69696K, reserved 1114112K
  class space    used 10196K, committed 10496K, reserved 1048576K
}
Event: 74.998 GC heap after
{Heap after GC invocations=21 (full 0):
 garbage-first heap   total 79872K, used 38788K [0x00000000a0c00000, 0x0000000100000000)
  region size 1024K, 4 young (4096K), 4 survivors (4096K)
 Metaspace       used 69069K, committed 69696K, reserved 1114112K
  class space    used 10196K, committed 10496K, reserved 1048576K
}

